# JRE version: Java(TM) SE Runtime Environment (19.0.1+10) (build 19.0.1+10-21)
# Java VM: Java HotSpot(TM) 64-Bit Server VM (19.0.1+10-21, mixed mode, sharing, tiered, compressed oops, compressed class ptrs, g1 gc, windows-amd64)
GC Precious Log:
 CardTable entry size: 512
 Card Set container configuration: InlinePtr #cards 5 size 8 Array Of Cards #cards 12 size 40 Howl #buckets 4 coarsen threshold 1843 Howl Bitmap #cards 512 size 80 coarsen threshold 460 Card regions per heap region 1 cards per card region 2048
 CPUs: 4 total, 4 available
 Memory: 7915M
 Large Page Support: Disabled
 NUMA Support: Disabled
 Compressed Oops: Enabled (32-bit)
 Heap Region Size: 1M
 Heap Min Capacity: 8M
 Heap Initial Capacity: 124M
 Heap Max Capacity: 1980M
 Pre-touch: Disabled
 Parallel Workers: 4
 Concurrent Workers: 1
 Concurrent Refinement Workers: 4
 Periodic GC: Disabled
Heap:
 garbage-first heap   total 102400K, used 38512K [0x0000000084400000, 0x0000000100000000)
  region size 1024K, 12 young (12288K), 1 survivors (1024K)
 Metaspace       used 70202K, committed 70912K, reserved 1114112K
  class space    used 8592K, committed 8896K, reserved 1048576K
GC Heap History (20 events):
Event: 91569.080 GC heap before
{Heap before GC invocations=33 (full 0):
 garbage-first heap   total 102400K, used 85642K [0x0000000084400000, 0x0000000100000000)
  region size 1024K, 56 young (57344K), 1 survivors (1024K)
 Metaspace       used 70208K, committed 70912K, reserved 1114112K
  class space    used 8594K, committed 8896K, reserved 1048576K
}
Event: 91569.082 GC heap after
{Heap after GC invocations=34 (full 0):
 garbage-first heap   total 102400K, used 29375K [0x0000000084400000, 0x0000000100000000)
  region size 1024K, 1 young (1024K), 1 survivors (1024K)
 Metaspace       used 70208K, committed 70912K, reserved 1114112K
  class space    used 8594K, committed 8896K, reserved 1048576K
}
Event: 91580.562 GC heap before
{Heap before GC invocations=35 (full 0):
 garbage-first heap   total 102400K, used 86719K [0x0000000084400000, 0x0000000100000000)
  region size 1024K, 57 young (58368K), 1 survivors (1024K)
 Metaspace       used 70186K, committed 70912K, reserved 1114112K
  class space    used 8588K, committed 8896K, reserved 1048576K
}
Event: 91580.568 GC heap after
{Heap after GC invocations=36 (full 0):
 garbage-first heap   total 102400K, used 29380K [0x0000000084400000, 0x0000000100000000)
  region size 1024K, 1 young (1024K), 1 survivors (1024K)
 Metaspace       used 70186K, committed 70912K, reserved 1114112K
  class space    used 8588K, committed 8896K, reserved 1048576K
}
Event: 91581.106 GC heap before
{Heap before GC invocations=36 (full 0):
 garbage-first heap   total 102400K, used 33476K [0x0000000084400000, 0x0000000100000000)
  region size 1024K, 5 young (5120K), 1 survivors (1024K)
 Metaspace       used 70187K, committed 70912K, reserved 1114112K
  class space    used 8588K, committed 8896K, reserved 1048576K
}
Event: 91581.117 GC heap after
{Heap after GC invocations=37 (full 0):
 garbage-first heap   total 102400K, used 28712K [0x0000000084400000, 0x0000000100000000)
  region size 1024K, 1 young (1024K), 1 survivors (1024K)
 Metaspace       used 70187K, committed 70912K, reserved 1114112K
  class space    used 8588K, committed 8896K, reserved 1048576K
}
Event: 91590.819 GC heap before
{Heap before GC invocations=37 (full 0):
 garbage-first heap   total 102400K, used 88104K [0x0000000084400000, 0x0000000100000000)
  region size 1024K, 59 young (60416K), 1 survivors (1024K)
 Metaspace       used 70191K, committed 70912K, reserved 1114112K
  class space    used 8588K, committed 8896K, reserved 1048576K
}
Event: 91590.821 GC heap after
{Heap after GC invocations=38 (full 0):
 garbage-first heap   total 102400K, used 28747K [0x0000000084400000, 0x0000000100000000)
  region size 1024K, 1 young (1024K), 1 survivors (1024K)
 Metaspace       used 70191K, committed 70912K, reserved 1114112K
  class space    used 8588K, committed 8896K, reserved 1048576K
}
Event: 91600.998 GC heap before
{Heap before GC invocations=39 (full 0):
 garbage-first heap   total 102400K, used 88139K [0x0000000084400000, 0x0000000100000000)
  region size 1024K, 59 young (60416K), 1 survivors (1024K)
 Metaspace       used 70192K, committed 70912K, reserved 1114112K
  class space    used 8589K, committed 8896K, reserved 1048576K
}
Event: 91601.000 GC heap after
{Heap after GC invocations=40 (full 0):
 garbage-first heap   total 102400K, used 28776K [0x0000000084400000, 0x0000000100000000)
  region size 1024K, 1 young (1024K), 1 survivors (1024K)
 Metaspace       used 70192K, committed 70912K, reserved 1114112K
  class space    used 8589K, committed 8896K, reserved 1048576K
}
Event: 91601.707 GC heap before
{Heap before GC invocations=40 (full 0):
 garbage-first heap   total 102400K, used 32872K [0x0000000084400000, 0x0000000100000000)
  region size 1024K, 5 young (5120K), 1 survivors (1024K)
 Metaspace       used 70192K, committed 70912K, reserved 1114112K
  class space    used 8589K, committed 8896K, reserved 1048576K
}
Event: 91601.716 GC heap after
{Heap after GC invocations=41 (full 0):
 garbage-first heap   total 102400K, used 28304K [0x0000000084400000, 0x0000000100000000)
  region size 1024K, 1 young (1024K), 1 survivors (1024K)
 Metaspace       used 70192K, committed 70912K, reserved 1114112K
  class space    used 8589K, committed 8896K, reserved 1048576K
}
Event: 91622.938 GC heap before
{Heap before GC invocations=41 (full 0):
 garbage-first heap   total 102400K, used 88720K [0x0000000084400000, 0x0000000100000000)
  region size 1024K, 60 young (61440K), 1 survivors (1024K)
 Metaspace       used 70194K, committed 70912K, reserved 1114112K
  class space    used 8589K, committed 8896K, reserved 1048576K
}
Event: 91622.941 GC heap after
{Heap after GC invocations=42 (full 0):
 garbage-first heap   total 102400K, used 28332K [0x0000000084400000, 0x0000000100000000)
  region size 1024K, 1 young (1024K), 1 survivors (1024K)
 Metaspace       used 70194K, committed 70912K, reserved 1114112K
  class space    used 8589K, committed 8896K, reserved 1048576K
}
Event: 91646.209 GC heap before
{Heap before GC invocations=43 (full 0):
 garbage-first heap   total 102400K, used 88748K [0x0000000084400000, 0x0000000100000000)
  region size 1024K, 60 young (61440K), 1 survivors (1024K)
 Metaspace       used 70196K, committed 70912K, reserved 1114112K
  class space    used 8590K, committed 8896K, reserved 1048576K
}
Event: 91646.211 GC heap after
{Heap after GC invocations=44 (full 0):
 garbage-first heap   total 102400K, used 28378K [0x0000000084400000, 0x0000000100000000)
  region size 1024K, 1 young (1024K), 1 survivors (1024K)
 Metaspace       used 70196K, committed 70912K, reserved 1114112K
  class space    used 8590K, committed 8896K, reserved 1048576K
}
Event: 91646.574 GC heap before
{Heap before GC invocations=44 (full 0):
 garbage-first heap   total 102400K, used 32474K [0x0000000084400000, 0x0000000100000000)
  region size 1024K, 5 young (5120K), 1 survivors (1024K)
 Metaspace       used 70196K, committed 70912K, reserved 1114112K
  class space    used 8590K, committed 8896K, reserved 1048576K
}
Event: 91646.587 GC heap after
{Heap after GC invocations=45 (full 0):
 garbage-first heap   total 102400K, used 28228K [0x0000000084400000, 0x0000000100000000)
  region size 1024K, 1 young (1024K), 1 survivors (1024K)
 Metaspace       used 70196K, committed 70912K, reserved 1114112K
  class space    used 8590K, committed 8896K, reserved 1048576K
}
Event: 91654.750 GC heap before
{Heap before GC invocations=45 (full 0):
 garbage-first heap   total 102400K, used 88644K [0x0000000084400000, 0x0000000100000000)
  region size 1024K, 60 young (61440K), 1 survivors (1024K)
 Metaspace       used 70199K, committed 70912K, reserved 1114112K
  class space    used 8590K, committed 8896K, reserved 1048576K
}
Event: 91654.754 GC heap after
{Heap after GC invocations=46 (full 0):
 garbage-first heap   total 128000K, used 28272K [0x0000000084400000, 0x0000000100000000)
  region size 1024K, 1 young (1024K), 1 survivors (1024K)
 Metaspace       used 70199K, committed 70912K, reserved 1114112K
  class space    used 8590K, committed 8896K, reserved 1048576K
}

